<?xml version="1.0" encoding="UTF-8"?>
<testng-results ignored="0" total="2" passed="2" failed="0" skipped="0">
  <reporter-output>
  </reporter-output>
  <suite started-at="2022-08-25T15:23:22Z" name="Default suite" finished-at="2022-08-25T15:23:47Z" duration-ms="25152">
    <groups>
    </groups>
    <test started-at="2022-08-25T15:23:22Z" name="Default test" finished-at="2022-08-25T15:23:47Z" duration-ms="25152">
      <class name="com.finalProject.ProyectoFinal">
        <test-method is-config="true" signature="beforeTest()[pri:0, instance:com.finalProject.ProyectoFinal@74a6f9c1]" started-at="2022-08-25T15:23:22Z" name="beforeTest" finished-at="2022-08-25T15:23:25Z" duration-ms="3297" status="PASS">
          <reporter-output>
          </reporter-output>
        </test-method> <!-- beforeTest -->
        <test-method signature="TC001()[pri:0, instance:com.finalProject.ProyectoFinal@74a6f9c1]" started-at="2022-08-25T15:23:25Z" name="TC001" finished-at="2022-08-25T15:23:39Z" duration-ms="13734" status="PASS">
          <reporter-output>
          </reporter-output>
        </test-method> <!-- TC001 -->
        <test-method is-config="true" signature="getResult(org.testng.ITestResult)[pri:0, instance:com.finalProject.ProyectoFinal@74a6f9c1]" started-at="2022-08-25T15:23:39Z" name="getResult" finished-at="2022-08-25T15:23:39Z" duration-ms="3" status="PASS">
          <params>
            <param index="0">
              <value>
                <![CDATA[[TestResult name=TC001 status=SUCCESS method=ProyectoFinal.TC001()[pri:0, instance:com.finalProject.ProyectoFinal@74a6f9c1] output={null}]]]>
              </value>
            </param>
          </params>
          <reporter-output>
          </reporter-output>
        </test-method> <!-- getResult -->
        <test-method signature="TC002()[pri:0, instance:com.finalProject.ProyectoFinal@74a6f9c1]" started-at="2022-08-25T15:23:39Z" name="TC002" finished-at="2022-08-25T15:23:46Z" duration-ms="7716" status="PASS">
          <reporter-output>
          </reporter-output>
        </test-method> <!-- TC002 -->
        <test-method is-config="true" signature="getResult(org.testng.ITestResult)[pri:0, instance:com.finalProject.ProyectoFinal@74a6f9c1]" started-at="2022-08-25T15:23:46Z" name="getResult" finished-at="2022-08-25T15:23:46Z" duration-ms="0" status="PASS">
          <params>
            <param index="0">
              <value>
                <![CDATA[[TestResult name=TC002 status=SUCCESS method=ProyectoFinal.TC002()[pri:0, instance:com.finalProject.ProyectoFinal@74a6f9c1] output={null}]]]>
              </value>
            </param>
          </params>
          <reporter-output>
          </reporter-output>
        </test-method> <!-- getResult -->
        <test-method is-config="true" signature="afterTest()[pri:0, instance:com.finalProject.ProyectoFinal@74a6f9c1]" started-at="2022-08-25T15:23:46Z" name="afterTest" finished-at="2022-08-25T15:23:47Z" duration-ms="379" status="PASS">
          <reporter-output>
          </reporter-output>
        </test-method> <!-- afterTest -->
      </class> <!-- com.finalProject.ProyectoFinal -->
    </test> <!-- Default test -->
  </suite> <!-- Default suite -->
</testng-results>
